{"194ac05e4b35d5301e8c635ce660cb75":{"statistic":{"failed":0,"broken":1,"skipped":0,"passed":0,"unknown":0,"total":1},"items":[{"uid":"2956d2944a711452","status":"broken","statusDetails":"no such element: Unable to locate element: {\"method\":\"xpath\",\"selector\":\"//a[contains(text(),'Login')]\"}\n  (Session info: chrome=142.0.7444.176)\nFor documentation on this error, please visit: https://www.selenium.dev/documentation/webdriver/troubleshooting/errors#no-such-element-exception\nBuild info: version: '4.31.0', revision: '1ef9f18787*'\nSystem info: os.name: 'Windows 11', os.arch: 'amd64', os.version: '10.0', java.version: '21.0.9'\nDriver info: org.openqa.selenium.chrome.ChromeDriver\nCommand: [4fec2d9f33bfc12b08dc9dd031e00630, findElement {value=//a[contains(text(),'Login')], using=xpath}]\nCapabilities {acceptInsecureCerts: false, browserName: chrome, browserVersion: 142.0.7444.176, chrome: {chromedriverVersion: 142.0.7444.175 (302067f14a4..., userDataDir: C:\\Users\\Vedhavan\\AppData\\L...}, fedcm:accounts: true, goog:chromeOptions: {debuggerAddress: localhost:57199}, goog:processID: 20360, networkConnectionEnabled: false, pageLoadStrategy: normal, platformName: windows, proxy: Proxy(), se:cdp: ws://localhost:57199/devtoo..., se:cdpVersion: 142.0.7444.176, setWindowRect: true, strictFileInteractability: false, timeouts: {implicit: 0, pageLoad: 300000, script: 30000}, unhandledPromptBehavior: dismiss and notify, webauthn:extension:credBlob: true, webauthn:extension:largeBlob: true, webauthn:extension:minPinLength: true, webauthn:extension:prf: true, webauthn:virtualAuthenticators: true}\nSession ID: 4fec2d9f33bfc12b08dc9dd031e00630","time":{"start":1763642409077,"stop":1763642414884,"duration":5807}}]},"5e6ceb9bf0eaf2c2e85939c95a71da70":{"statistic":{"failed":0,"broken":1,"skipped":0,"passed":0,"unknown":0,"total":1},"items":[{"uid":"e1629b358f5a2f55","status":"broken","statusDetails":"no such element: Unable to locate element: {\"method\":\"xpath\",\"selector\":\"//button[contains(text(),'Send OTP')]\"}\n  (Session info: chrome=142.0.7444.176)\nFor documentation on this error, please visit: https://www.selenium.dev/documentation/webdriver/troubleshooting/errors#no-such-element-exception\nBuild info: version: '4.31.0', revision: '1ef9f18787*'\nSystem info: os.name: 'Windows 11', os.arch: 'amd64', os.version: '10.0', java.version: '21.0.9'\nDriver info: org.openqa.selenium.chrome.ChromeDriver\nCommand: [8e40698ecbd33b84bc3c5b15a130ce20, findElement {value=//button[contains(text(),'Send OTP')], using=xpath}]\nCapabilities {acceptInsecureCerts: false, browserName: chrome, browserVersion: 142.0.7444.176, chrome: {chromedriverVersion: 142.0.7444.175 (302067f14a4..., userDataDir: C:\\Users\\Vedhavan\\AppData\\L...}, fedcm:accounts: true, goog:chromeOptions: {debuggerAddress: localhost:59317}, goog:processID: 16640, networkConnectionEnabled: false, pageLoadStrategy: normal, platformName: windows, proxy: Proxy(), se:cdp: ws://localhost:59317/devtoo..., se:cdpVersion: 142.0.7444.176, setWindowRect: true, strictFileInteractability: false, timeouts: {implicit: 0, pageLoad: 300000, script: 30000}, unhandledPromptBehavior: dismiss and notify, webauthn:extension:credBlob: true, webauthn:extension:largeBlob: true, webauthn:extension:minPinLength: true, webauthn:extension:prf: true, webauthn:virtualAuthenticators: true}\nSession ID: 8e40698ecbd33b84bc3c5b15a130ce20","time":{"start":1763644345170,"stop":1763644348571,"duration":3401}}]},"995de4a37354fb5f7b658cb117476da8":{"statistic":{"failed":0,"broken":1,"skipped":0,"passed":0,"unknown":0,"total":1},"items":[{"uid":"b0bcdd62d1a43894","status":"broken","statusDetails":"Unresolved compilation problem: \n\tThe public type RegisterOtpFastTest must be defined in its own file\n","time":{"start":1763643697658,"stop":1763643697672,"duration":14}}]},"25a5a16d5e2fea3ba2c4311eb5dd8633":{"statistic":{"failed":0,"broken":1,"skipped":0,"passed":0,"unknown":0,"total":1},"items":[{"uid":"447d1654723522e7","status":"broken","statusDetails":"Unresolved compilation problem: \n\tThe public type FinalAutomationTest must be defined in its own file\n","time":{"start":1763643821107,"stop":1763643821119,"duration":12}}]},"42c0f6d20005eb0740a82ec766b1ea91":{"statistic":{"failed":0,"broken":1,"skipped":0,"passed":0,"unknown":0,"total":1},"items":[{"uid":"125c96c062e76c0e","status":"broken","statusDetails":"Expected condition failed: waiting for visibility of element located by By.xpath: //div[contains(@class,'ant-message') and contains(.,'Phone Verified')] (tried for 15 second(s) with 500 milliseconds interval)\nBuild info: version: '4.31.0', revision: '1ef9f18787*'\nSystem info: os.name: 'Windows 11', os.arch: 'amd64', os.version: '10.0', java.version: '21.0.9'\nDriver info: org.openqa.selenium.chrome.ChromeDriver\nCapabilities {acceptInsecureCerts: false, browserName: chrome, browserVersion: 142.0.7444.176, chrome: {chromedriverVersion: 142.0.7444.175 (302067f14a4..., userDataDir: C:\\Users\\Vedhavan\\AppData\\L...}, fedcm:accounts: true, goog:chromeOptions: {debuggerAddress: localhost:53632}, goog:processID: 21492, networkConnectionEnabled: false, pageLoadStrategy: normal, platformName: windows, proxy: Proxy(), se:cdp: ws://localhost:53632/devtoo..., se:cdpVersion: 142.0.7444.176, setWindowRect: true, strictFileInteractability: false, timeouts: {implicit: 0, pageLoad: 300000, script: 30000}, unhandledPromptBehavior: dismiss and notify, webauthn:extension:credBlob: true, webauthn:extension:largeBlob: true, webauthn:extension:minPinLength: true, webauthn:extension:prf: true, webauthn:virtualAuthenticators: true}\nSession ID: 17b71700f7f19f66ae7a427405bd0753","time":{"start":1763546196546,"stop":1763546216432,"duration":19886}}]},"42e8ceb1dd6ae642f0c5a414a122090":{"statistic":{"failed":0,"broken":0,"skipped":0,"passed":1,"unknown":0,"total":1},"items":[{"uid":"f95c2327170484f0","status":"passed","time":{"start":1763630078709,"stop":1763630091892,"duration":13183}}]},"6f9181a1aceba06b4deaf6ed8e9ffe8d":{"statistic":{"failed":0,"broken":0,"skipped":0,"passed":1,"unknown":0,"total":1},"items":[{"uid":"49485e4dc0e22c1f","status":"passed","time":{"start":1763545669777,"stop":1763545678416,"duration":8639}}]},"32f528a434c6e8c0292000256160fbee":{"statistic":{"failed":0,"broken":1,"skipped":0,"passed":0,"unknown":0,"total":1},"items":[{"uid":"881b74be1c75cbf4","status":"broken","statusDetails":"Expected condition failed: waiting for presence of element located by: By.xpath: //button[contains(text(),'View Profile')] (tried for 35 second(s) with 500 milliseconds interval)","time":{"start":1763657157032,"stop":1763657214717,"duration":57685}}]},"e39d6c60cb918b65f0b5abfa7265e567":{"statistic":{"failed":0,"broken":0,"skipped":0,"passed":1,"unknown":0,"total":1},"items":[{"uid":"9a6c95818db3fc14","status":"passed","time":{"start":1763723771415,"stop":1763723824298,"duration":52883}}]},"74c5a169f630f6abd65b5426de4a7519":{"statistic":{"failed":0,"broken":1,"skipped":0,"passed":0,"unknown":0,"total":1},"items":[{"uid":"1da9635ec4efa997","status":"broken","statusDetails":"invalid session id: session deleted as the browser has closed the connection\nfrom disconnected: not connected to DevTools\n  (Session info: chrome=142.0.7444.176)\nBuild info: version: '4.31.0', revision: '1ef9f18787*'\nSystem info: os.name: 'Windows 11', os.arch: 'amd64', os.version: '10.0', java.version: '21.0.9'\nDriver info: org.openqa.selenium.chrome.ChromeDriver\nCommand: [8ae71406824a5c2c812ae22012e48104, findElement {using=xpath, value=//button[contains(translate(text(),'abcdefghijklmnopqrstuvwxyz','ABCDEFGHIJKLMNOPQRSTUVWXYZ'),'OTP')]}]\nCapabilities {acceptInsecureCerts: false, browserName: chrome, browserVersion: 142.0.7444.176, chrome: {chromedriverVersion: 142.0.7444.175 (302067f14a4..., userDataDir: C:\\Users\\Vedhavan\\AppData\\L...}, fedcm:accounts: true, goog:chromeOptions: {debuggerAddress: localhost:50584}, goog:processID: 10804, networkConnectionEnabled: false, pageLoadStrategy: normal, platformName: windows, proxy: Proxy(), se:cdp: ws://localhost:50584/devtoo..., se:cdpVersion: 142.0.7444.176, setWindowRect: true, strictFileInteractability: false, timeouts: {implicit: 0, pageLoad: 300000, script: 30000}, unhandledPromptBehavior: dismiss and notify, webauthn:extension:credBlob: true, webauthn:extension:largeBlob: true, webauthn:extension:minPinLength: true, webauthn:extension:prf: true, webauthn:virtualAuthenticators: true}\nSession ID: 8ae71406824a5c2c812ae22012e48104","time":{"start":1763645199313,"stop":1763645209334,"duration":10021}}]},"6296d71f606a8d14346f024391e6bbdd":{"statistic":{"failed":0,"broken":1,"skipped":0,"passed":0,"unknown":0,"total":1},"items":[{"uid":"bc9a4cd8d45e0fa7","status":"broken","statusDetails":"no such element: Unable to locate element: {\"method\":\"xpath\",\"selector\":\"//button[contains(text(),'Send OTP')]\"}\n  (Session info: chrome=142.0.7444.176)\nFor documentation on this error, please visit: https://www.selenium.dev/documentation/webdriver/troubleshooting/errors#no-such-element-exception\nBuild info: version: '4.31.0', revision: '1ef9f18787*'\nSystem info: os.name: 'Windows 11', os.arch: 'amd64', os.version: '10.0', java.version: '21.0.9'\nDriver info: org.openqa.selenium.chrome.ChromeDriver\nCommand: [76c528d43ae4c96c6ce23ed94893be35, findElement {value=//button[contains(text(),'Send OTP')], using=xpath}]\nCapabilities {acceptInsecureCerts: false, browserName: chrome, browserVersion: 142.0.7444.176, chrome: {chromedriverVersion: 142.0.7444.175 (302067f14a4..., userDataDir: C:\\Users\\Vedhavan\\AppData\\L...}, fedcm:accounts: true, goog:chromeOptions: {debuggerAddress: localhost:53000}, goog:processID: 3508, networkConnectionEnabled: false, pageLoadStrategy: normal, platformName: windows, proxy: Proxy(), se:cdp: ws://localhost:53000/devtoo..., se:cdpVersion: 142.0.7444.176, setWindowRect: true, strictFileInteractability: false, timeouts: {implicit: 0, pageLoad: 300000, script: 30000}, unhandledPromptBehavior: dismiss and notify, webauthn:extension:credBlob: true, webauthn:extension:largeBlob: true, webauthn:extension:minPinLength: true, webauthn:extension:prf: true, webauthn:virtualAuthenticators: true}\nSession ID: 76c528d43ae4c96c6ce23ed94893be35","time":{"start":1763643734881,"stop":1763643739238,"duration":4357}}]},"fd569643a61d8a4cc46b4d6669051815":{"statistic":{"failed":1,"broken":0,"skipped":0,"passed":0,"unknown":0,"total":1},"items":[{"uid":"da9394f242884f0f","status":"failed","statusDetails":"âŒ Dashboard Score Reset to 0! ==> expected: not equal but was: <0>","time":{"start":1763644692045,"stop":1763644714878,"duration":22833}}]},"b38e97d2a27003aee949a62d8b140814":{"statistic":{"failed":0,"broken":1,"skipped":0,"passed":0,"unknown":0,"total":1},"items":[{"uid":"ea4f2a5282bf57b2","status":"broken","statusDetails":"invalid argument: File not found : C:\\Users\\Vedhavan\\Documents\\workspace-spring-tool-suite-4-4.29.1.RELEASE\\Project/samplesfiles/good.java\n  (Session info: chrome=142.0.7444.176)\nBuild info: version: '4.31.0', revision: '1ef9f18787*'\nSystem info: os.name: 'Windows 11', os.arch: 'amd64', os.version: '10.0', java.version: '21.0.9'\nDriver info: org.openqa.selenium.chrome.ChromeDriver\nCommand: [27ac0d893a1987578be6bfc26c605d51, sendKeysToElement {id=f.67F2B475244B3375458D44305481158C.d.511BFE79FECB472D83744E239D59D3F7.e.62, value=[Ljava.lang.CharSequence;@ca66933}]\nCapabilities {acceptInsecureCerts: false, browserName: chrome, browserVersion: 142.0.7444.176, chrome: {chromedriverVersion: 142.0.7444.175 (302067f14a4..., userDataDir: C:\\Users\\Vedhavan\\AppData\\L...}, fedcm:accounts: true, goog:chromeOptions: {debuggerAddress: localhost:56389}, goog:processID: 10200, networkConnectionEnabled: false, pageLoadStrategy: normal, platformName: windows, proxy: Proxy(), se:cdp: ws://localhost:56389/devtoo..., se:cdpVersion: 142.0.7444.176, setWindowRect: true, strictFileInteractability: false, timeouts: {implicit: 0, pageLoad: 300000, script: 30000}, unhandledPromptBehavior: dismiss and notify, webauthn:extension:credBlob: true, webauthn:extension:largeBlob: true, webauthn:extension:minPinLength: true, webauthn:extension:prf: true, webauthn:virtualAuthenticators: true}\nElement: [[ChromeDriver: chrome on windows (27ac0d893a1987578be6bfc26c605d51)] -> xpath: //input[@type='file']]\nSession ID: 27ac0d893a1987578be6bfc26c605d51","time":{"start":1763631570325,"stop":1763631580845,"duration":10520}}]},"45b756a70611e6c4d332985886e978d2":{"statistic":{"failed":0,"broken":1,"skipped":0,"passed":0,"unknown":0,"total":1},"items":[{"uid":"3b3b7030af1dfd13","status":"broken","statusDetails":"io.github.bonigarcia.wdm.config.WebDriverManagerException: java.net.UnknownHostException: msedgedriver.azureedge.net","time":{"start":1763663028463,"stop":1763663028931,"duration":468}}]},"4596ec0be3e30a9193c06e44efcfb988":{"statistic":{"failed":0,"broken":0,"skipped":0,"passed":1,"unknown":0,"total":1},"items":[{"uid":"3057c18e79851f0b","status":"passed","time":{"start":1763544326951,"stop":1763544332779,"duration":5828}}]},"5aae85ebf5aec1b3274d19623abf6a3d":{"statistic":{"failed":0,"broken":1,"skipped":0,"passed":0,"unknown":0,"total":1},"items":[{"uid":"febf90eed81f8dd0","status":"broken","statusDetails":"invalid session id: session deleted as the browser has closed the connection\nfrom disconnected: not connected to DevTools\n  (Session info: chrome=142.0.7444.176)\nBuild info: version: '4.31.0', revision: '1ef9f18787*'\nSystem info: os.name: 'Windows 11', os.arch: 'amd64', os.version: '10.0', java.version: '21.0.9'\nDriver info: org.openqa.selenium.chrome.ChromeDriver\nCommand: [7d688dd564c787f2a0857f6ffabf62fc, findElement {using=xpath, value=//button[contains(text(),'Register')]}]\nCapabilities {acceptInsecureCerts: false, browserName: chrome, browserVersion: 142.0.7444.176, chrome: {chromedriverVersion: 142.0.7444.175 (302067f14a4..., userDataDir: C:\\Users\\Vedhavan\\AppData\\L...}, fedcm:accounts: true, goog:chromeOptions: {debuggerAddress: localhost:61950}, goog:processID: 19936, networkConnectionEnabled: false, pageLoadStrategy: normal, platformName: windows, proxy: Proxy(), se:cdp: ws://localhost:61950/devtoo..., se:cdpVersion: 142.0.7444.176, setWindowRect: true, strictFileInteractability: false, timeouts: {implicit: 0, pageLoad: 300000, script: 30000}, unhandledPromptBehavior: dismiss and notify, webauthn:extension:credBlob: true, webauthn:extension:largeBlob: true, webauthn:extension:minPinLength: true, webauthn:extension:prf: true, webauthn:virtualAuthenticators: true}\nSession ID: 7d688dd564c787f2a0857f6ffabf62fc","time":{"start":1763643288107,"stop":1763643296930,"duration":8823}}]},"ed833129ea2378d7db38c3dfab36d1d9":{"statistic":{"failed":0,"broken":1,"skipped":0,"passed":0,"unknown":0,"total":1},"items":[{"uid":"70ac0cb7a83483f2","status":"broken","statusDetails":"Expected condition failed: waiting for visibility of element located by By.xpath: //*[contains(.,'Phone Verified')] (tried for 25 second(s) with 500 milliseconds interval)\nBuild info: version: '4.31.0', revision: '1ef9f18787*'\nSystem info: os.name: 'Windows 11', os.arch: 'amd64', os.version: '10.0', java.version: '21.0.9'\nDriver info: org.openqa.selenium.chrome.ChromeDriver\nCapabilities {acceptInsecureCerts: false, browserName: chrome, browserVersion: 142.0.7444.176, chrome: {chromedriverVersion: 142.0.7444.175 (302067f14a4..., userDataDir: C:\\Users\\Vedhavan\\AppData\\L...}, fedcm:accounts: true, goog:chromeOptions: {debuggerAddress: localhost:60341}, goog:processID: 11396, networkConnectionEnabled: false, pageLoadStrategy: normal, platformName: windows, proxy: Proxy(), se:cdp: ws://localhost:60341/devtoo..., se:cdpVersion: 142.0.7444.176, setWindowRect: true, strictFileInteractability: false, timeouts: {implicit: 0, pageLoad: 300000, script: 30000}, unhandledPromptBehavior: dismiss and notify, webauthn:extension:credBlob: true, webauthn:extension:largeBlob: true, webauthn:extension:minPinLength: true, webauthn:extension:prf: true, webauthn:virtualAuthenticators: true}\nSession ID: 2cdd8fde37c907beb861c0f5a0881749","time":{"start":1763663028463,"stop":1763663059888,"duration":31425}}]}}