{"uid":"4b4757e66a1912dae1a509f688f20b0f","name":"categories","children":[{"name":"Test defects","children":[{"name":"Expected condition failed: waiting for visibility of element located by By.xpath: //div[contains(@class,'ant-message') and contains(.,'Phone Verified')] (tried for 15 second(s) with 500 milliseconds interval)\nBuild info: version: '4.31.0', revision: '1ef9f18787*'\nSystem info: os.name: 'Windows 11', os.arch: 'amd64', os.version: '10.0', java.version: '21.0.9'\nDriver info: org.openqa.selenium.chrome.ChromeDriver\nCapabilities {acceptInsecureCerts: false, browserName: chrome, browserVersion: 142.0.7444.176, chrome: {chromedriverVersion: 142.0.7444.175 (302067f14a4..., userDataDir: C:\\Users\\Vedhavan\\AppData\\L...}, fedcm:accounts: true, goog:chromeOptions: {debuggerAddress: localhost:53632}, goog:processID: 21492, networkConnectionEnabled: false, pageLoadStrategy: normal, platformName: windows, proxy: Proxy(), se:cdp: ws://localhost:53632/devtoo..., se:cdpVersion: 142.0.7444.176, setWindowRect: true, strictFileInteractability: false, timeouts: {implicit: 0, pageLoad: 300000, script: 30000}, unhandledPromptBehavior: dismiss and notify, webauthn:extension:credBlob: true, webauthn:extension:largeBlob: true, webauthn:extension:minPinLength: true, webauthn:extension:prf: true, webauthn:virtualAuthenticators: true}\nSession ID: 17b71700f7f19f66ae7a427405bd0753","children":[{"name":"register_Otp_Login_Home_Flow()","uid":"125c96c062e76c0e","parentUid":"767fb9167e0514e9d2138ba001853761","status":"broken","time":{"start":1763546196546,"stop":1763546216432,"duration":19886},"flaky":false,"newFailed":false,"newPassed":false,"newBroken":false,"retriesCount":1,"retriesStatusChange":false,"parameters":[],"tags":[]}],"uid":"767fb9167e0514e9d2138ba001853761"},{"name":"invalid argument: File not found : C:\\Users\\Vedhavan\\Documents\\workspace-spring-tool-suite-4-4.29.1.RELEASE\\Project/samplesfiles/good.java\n  (Session info: chrome=142.0.7444.176)\nBuild info: version: '4.31.0', revision: '1ef9f18787*'\nSystem info: os.name: 'Windows 11', os.arch: 'amd64', os.version: '10.0', java.version: '21.0.9'\nDriver info: org.openqa.selenium.chrome.ChromeDriver\nCommand: [27ac0d893a1987578be6bfc26c605d51, sendKeysToElement {id=f.67F2B475244B3375458D44305481158C.d.511BFE79FECB472D83744E239D59D3F7.e.62, value=[Ljava.lang.CharSequence;@ca66933}]\nCapabilities {acceptInsecureCerts: false, browserName: chrome, browserVersion: 142.0.7444.176, chrome: {chromedriverVersion: 142.0.7444.175 (302067f14a4..., userDataDir: C:\\Users\\Vedhavan\\AppData\\L...}, fedcm:accounts: true, goog:chromeOptions: {debuggerAddress: localhost:56389}, goog:processID: 10200, networkConnectionEnabled: false, pageLoadStrategy: normal, platformName: windows, proxy: Proxy(), se:cdp: ws://localhost:56389/devtoo..., se:cdpVersion: 142.0.7444.176, setWindowRect: true, strictFileInteractability: false, timeouts: {implicit: 0, pageLoad: 300000, script: 30000}, unhandledPromptBehavior: dismiss and notify, webauthn:extension:credBlob: true, webauthn:extension:largeBlob: true, webauthn:extension:minPinLength: true, webauthn:extension:prf: true, webauthn:virtualAuthenticators: true}\nElement: [[ChromeDriver: chrome on windows (27ac0d893a1987578be6bfc26c605d51)] -> xpath: //input[@type='file']]\nSession ID: 27ac0d893a1987578be6bfc26c605d51","children":[{"name":"FullFlow_Test()","uid":"ea4f2a5282bf57b2","parentUid":"6a8f0a169c4e4ea949aa23c092a60a97","status":"broken","time":{"start":1763631570325,"stop":1763631580845,"duration":10520},"flaky":false,"newFailed":false,"newPassed":false,"newBroken":false,"retriesCount":0,"retriesStatusChange":false,"parameters":[],"tags":[]}],"uid":"6a8f0a169c4e4ea949aa23c092a60a97"},{"name":"no such element: Unable to locate element: {\"method\":\"xpath\",\"selector\":\"//a[contains(text(),'Login')]\"}\n  (Session info: chrome=142.0.7444.176)\nFor documentation on this error, please visit: https://www.selenium.dev/documentation/webdriver/troubleshooting/errors#no-such-element-exception\nBuild info: version: '4.31.0', revision: '1ef9f18787*'\nSystem info: os.name: 'Windows 11', os.arch: 'amd64', os.version: '10.0', java.version: '21.0.9'\nDriver info: org.openqa.selenium.chrome.ChromeDriver\nCommand: [4fec2d9f33bfc12b08dc9dd031e00630, findElement {value=//a[contains(text(),'Login')], using=xpath}]\nCapabilities {acceptInsecureCerts: false, browserName: chrome, browserVersion: 142.0.7444.176, chrome: {chromedriverVersion: 142.0.7444.175 (302067f14a4..., userDataDir: C:\\Users\\Vedhavan\\AppData\\L...}, fedcm:accounts: true, goog:chromeOptions: {debuggerAddress: localhost:57199}, goog:processID: 20360, networkConnectionEnabled: false, pageLoadStrategy: normal, platformName: windows, proxy: Proxy(), se:cdp: ws://localhost:57199/devtoo..., se:cdpVersion: 142.0.7444.176, setWindowRect: true, strictFileInteractability: false, timeouts: {implicit: 0, pageLoad: 300000, script: 30000}, unhandledPromptBehavior: dismiss and notify, webauthn:extension:credBlob: true, webauthn:extension:largeBlob: true, webauthn:extension:minPinLength: true, webauthn:extension:prf: true, webauthn:virtualAuthenticators: true}\nSession ID: 4fec2d9f33bfc12b08dc9dd031e00630","children":[{"name":"registerLoginAndAnalyze()","uid":"2956d2944a711452","parentUid":"ccec8083cef807ac151cdaf593158db0","status":"broken","time":{"start":1763642409077,"stop":1763642414884,"duration":5807},"flaky":false,"newFailed":false,"newPassed":false,"newBroken":false,"retriesCount":3,"retriesStatusChange":false,"parameters":[],"tags":[]}],"uid":"ccec8083cef807ac151cdaf593158db0"},{"name":"invalid session id: session deleted as the browser has closed the connection\nfrom disconnected: not connected to DevTools\n  (Session info: chrome=142.0.7444.176)\nBuild info: version: '4.31.0', revision: '1ef9f18787*'\nSystem info: os.name: 'Windows 11', os.arch: 'amd64', os.version: '10.0', java.version: '21.0.9'\nDriver info: org.openqa.selenium.chrome.ChromeDriver\nCommand: [7d688dd564c787f2a0857f6ffabf62fc, findElement {using=xpath, value=//button[contains(text(),'Register')]}]\nCapabilities {acceptInsecureCerts: false, browserName: chrome, browserVersion: 142.0.7444.176, chrome: {chromedriverVersion: 142.0.7444.175 (302067f14a4..., userDataDir: C:\\Users\\Vedhavan\\AppData\\L...}, fedcm:accounts: true, goog:chromeOptions: {debuggerAddress: localhost:61950}, goog:processID: 19936, networkConnectionEnabled: false, pageLoadStrategy: normal, platformName: windows, proxy: Proxy(), se:cdp: ws://localhost:61950/devtoo..., se:cdpVersion: 142.0.7444.176, setWindowRect: true, strictFileInteractability: false, timeouts: {implicit: 0, pageLoad: 300000, script: 30000}, unhandledPromptBehavior: dismiss and notify, webauthn:extension:credBlob: true, webauthn:extension:largeBlob: true, webauthn:extension:minPinLength: true, webauthn:extension:prf: true, webauthn:virtualAuthenticators: true}\nSession ID: 7d688dd564c787f2a0857f6ffabf62fc","children":[{"name":"registerAndLogin()","uid":"febf90eed81f8dd0","parentUid":"c957c99fc9579344b6a3dea3acb9c31d","status":"broken","time":{"start":1763643288107,"stop":1763643296930,"duration":8823},"flaky":false,"newFailed":false,"newPassed":false,"newBroken":false,"retriesCount":16,"retriesStatusChange":true,"parameters":[],"tags":[]}],"uid":"c957c99fc9579344b6a3dea3acb9c31d"},{"name":"Unresolved compilation problem: \n\tThe public type RegisterOtpFastTest must be defined in its own file\n","children":[{"name":"FullFlow()","uid":"b0bcdd62d1a43894","parentUid":"bd2dae3dfc1eaccf29bdddae1b026b08","status":"broken","time":{"start":1763643697658,"stop":1763643697672,"duration":14},"flaky":false,"newFailed":false,"newPassed":false,"newBroken":false,"retriesCount":0,"retriesStatusChange":false,"parameters":[],"tags":[]}],"uid":"bd2dae3dfc1eaccf29bdddae1b026b08"},{"name":"no such element: Unable to locate element: {\"method\":\"xpath\",\"selector\":\"//button[contains(text(),'Send OTP')]\"}\n  (Session info: chrome=142.0.7444.176)\nFor documentation on this error, please visit: https://www.selenium.dev/documentation/webdriver/troubleshooting/errors#no-such-element-exception\nBuild info: version: '4.31.0', revision: '1ef9f18787*'\nSystem info: os.name: 'Windows 11', os.arch: 'amd64', os.version: '10.0', java.version: '21.0.9'\nDriver info: org.openqa.selenium.chrome.ChromeDriver\nCommand: [76c528d43ae4c96c6ce23ed94893be35, findElement {value=//button[contains(text(),'Send OTP')], using=xpath}]\nCapabilities {acceptInsecureCerts: false, browserName: chrome, browserVersion: 142.0.7444.176, chrome: {chromedriverVersion: 142.0.7444.175 (302067f14a4..., userDataDir: C:\\Users\\Vedhavan\\AppData\\L...}, fedcm:accounts: true, goog:chromeOptions: {debuggerAddress: localhost:53000}, goog:processID: 3508, networkConnectionEnabled: false, pageLoadStrategy: normal, platformName: windows, proxy: Proxy(), se:cdp: ws://localhost:53000/devtoo..., se:cdpVersion: 142.0.7444.176, setWindowRect: true, strictFileInteractability: false, timeouts: {implicit: 0, pageLoad: 300000, script: 30000}, unhandledPromptBehavior: dismiss and notify, webauthn:extension:credBlob: true, webauthn:extension:largeBlob: true, webauthn:extension:minPinLength: true, webauthn:extension:prf: true, webauthn:virtualAuthenticators: true}\nSession ID: 76c528d43ae4c96c6ce23ed94893be35","children":[{"name":"FullFlow()","uid":"bc9a4cd8d45e0fa7","parentUid":"6fd524f6a8a5421e347cbcb4e86a5ee1","status":"broken","time":{"start":1763643734881,"stop":1763643739238,"duration":4357},"flaky":false,"newFailed":false,"newPassed":false,"newBroken":false,"retriesCount":4,"retriesStatusChange":false,"parameters":[],"tags":[]}],"uid":"6fd524f6a8a5421e347cbcb4e86a5ee1"},{"name":"Unresolved compilation problem: \n\tThe public type FinalAutomationTest must be defined in its own file\n","children":[{"name":"fullFlow()","uid":"447d1654723522e7","parentUid":"f0e35f4edc3382813f5deee7e972a5f3","status":"broken","time":{"start":1763643821107,"stop":1763643821119,"duration":12},"flaky":false,"newFailed":false,"newPassed":false,"newBroken":false,"retriesCount":0,"retriesStatusChange":false,"parameters":[],"tags":[]}],"uid":"f0e35f4edc3382813f5deee7e972a5f3"},{"name":"no such element: Unable to locate element: {\"method\":\"xpath\",\"selector\":\"//button[contains(text(),'Send OTP')]\"}\n  (Session info: chrome=142.0.7444.176)\nFor documentation on this error, please visit: https://www.selenium.dev/documentation/webdriver/troubleshooting/errors#no-such-element-exception\nBuild info: version: '4.31.0', revision: '1ef9f18787*'\nSystem info: os.name: 'Windows 11', os.arch: 'amd64', os.version: '10.0', java.version: '21.0.9'\nDriver info: org.openqa.selenium.chrome.ChromeDriver\nCommand: [8e40698ecbd33b84bc3c5b15a130ce20, findElement {value=//button[contains(text(),'Send OTP')], using=xpath}]\nCapabilities {acceptInsecureCerts: false, browserName: chrome, browserVersion: 142.0.7444.176, chrome: {chromedriverVersion: 142.0.7444.175 (302067f14a4..., userDataDir: C:\\Users\\Vedhavan\\AppData\\L...}, fedcm:accounts: true, goog:chromeOptions: {debuggerAddress: localhost:59317}, goog:processID: 16640, networkConnectionEnabled: false, pageLoadStrategy: normal, platformName: windows, proxy: Proxy(), se:cdp: ws://localhost:59317/devtoo..., se:cdpVersion: 142.0.7444.176, setWindowRect: true, strictFileInteractability: false, timeouts: {implicit: 0, pageLoad: 300000, script: 30000}, unhandledPromptBehavior: dismiss and notify, webauthn:extension:credBlob: true, webauthn:extension:largeBlob: true, webauthn:extension:minPinLength: true, webauthn:extension:prf: true, webauthn:virtualAuthenticators: true}\nSession ID: 8e40698ecbd33b84bc3c5b15a130ce20","children":[{"name":"fullFlow()","uid":"e1629b358f5a2f55","parentUid":"c12cddf5b76dbb12251b1a08802f8168","status":"broken","time":{"start":1763644345170,"stop":1763644348571,"duration":3401},"flaky":false,"newFailed":false,"newPassed":false,"newBroken":false,"retriesCount":2,"retriesStatusChange":false,"parameters":[],"tags":[]}],"uid":"c12cddf5b76dbb12251b1a08802f8168"},{"name":"invalid session id: session deleted as the browser has closed the connection\nfrom disconnected: not connected to DevTools\n  (Session info: chrome=142.0.7444.176)\nBuild info: version: '4.31.0', revision: '1ef9f18787*'\nSystem info: os.name: 'Windows 11', os.arch: 'amd64', os.version: '10.0', java.version: '21.0.9'\nDriver info: org.openqa.selenium.chrome.ChromeDriver\nCommand: [8ae71406824a5c2c812ae22012e48104, findElement {using=xpath, value=//button[contains(translate(text(),'abcdefghijklmnopqrstuvwxyz','ABCDEFGHIJKLMNOPQRSTUVWXYZ'),'OTP')]}]\nCapabilities {acceptInsecureCerts: false, browserName: chrome, browserVersion: 142.0.7444.176, chrome: {chromedriverVersion: 142.0.7444.175 (302067f14a4..., userDataDir: C:\\Users\\Vedhavan\\AppData\\L...}, fedcm:accounts: true, goog:chromeOptions: {debuggerAddress: localhost:50584}, goog:processID: 10804, networkConnectionEnabled: false, pageLoadStrategy: normal, platformName: windows, proxy: Proxy(), se:cdp: ws://localhost:50584/devtoo..., se:cdpVersion: 142.0.7444.176, setWindowRect: true, strictFileInteractability: false, timeouts: {implicit: 0, pageLoad: 300000, script: 30000}, unhandledPromptBehavior: dismiss and notify, webauthn:extension:credBlob: true, webauthn:extension:largeBlob: true, webauthn:extension:minPinLength: true, webauthn:extension:prf: true, webauthn:virtualAuthenticators: true}\nSession ID: 8ae71406824a5c2c812ae22012e48104","children":[{"name":"runFlow()","uid":"1da9635ec4efa997","parentUid":"e95b90641f160ebc582b633f3c6cbb6a","status":"broken","time":{"start":1763645199313,"stop":1763645209334,"duration":10021},"flaky":false,"newFailed":false,"newPassed":false,"newBroken":false,"retriesCount":3,"retriesStatusChange":false,"parameters":[],"tags":[]}],"uid":"e95b90641f160ebc582b633f3c6cbb6a"},{"name":"Expected condition failed: waiting for presence of element located by: By.xpath: //button[contains(text(),'View Profile')] (tried for 35 second(s) with 500 milliseconds interval)","children":[{"name":"RunFullFlow()","uid":"881b74be1c75cbf4","parentUid":"b47cef4387d9ced5315bc9fb1b415094","status":"broken","time":{"start":1763657157032,"stop":1763657214717,"duration":57685},"flaky":false,"newFailed":false,"newPassed":false,"newBroken":false,"retriesCount":2,"retriesStatusChange":false,"parameters":[],"tags":[]}],"uid":"b47cef4387d9ced5315bc9fb1b415094"},{"name":"io.github.bonigarcia.wdm.config.WebDriverManagerException: java.net.UnknownHostException: msedgedriver.azureedge.net","children":[{"name":"RunFullAutomationFlow(String) [2] browser=edge","uid":"3b3b7030af1dfd13","parentUid":"5e6be621052092b6e2b04f91c8b4400a","status":"broken","time":{"start":1763663028463,"stop":1763663028931,"duration":468},"flaky":false,"newFailed":false,"newPassed":false,"newBroken":false,"retriesCount":4,"retriesStatusChange":false,"parameters":["edge"],"tags":[]}],"uid":"5e6be621052092b6e2b04f91c8b4400a"},{"name":"Expected condition failed: waiting for visibility of element located by By.xpath: //*[contains(.,'Phone Verified')] (tried for 25 second(s) with 500 milliseconds interval)\nBuild info: version: '4.31.0', revision: '1ef9f18787*'\nSystem info: os.name: 'Windows 11', os.arch: 'amd64', os.version: '10.0', java.version: '21.0.9'\nDriver info: org.openqa.selenium.chrome.ChromeDriver\nCapabilities {acceptInsecureCerts: false, browserName: chrome, browserVersion: 142.0.7444.176, chrome: {chromedriverVersion: 142.0.7444.175 (302067f14a4..., userDataDir: C:\\Users\\Vedhavan\\AppData\\L...}, fedcm:accounts: true, goog:chromeOptions: {debuggerAddress: localhost:60341}, goog:processID: 11396, networkConnectionEnabled: false, pageLoadStrategy: normal, platformName: windows, proxy: Proxy(), se:cdp: ws://localhost:60341/devtoo..., se:cdpVersion: 142.0.7444.176, setWindowRect: true, strictFileInteractability: false, timeouts: {implicit: 0, pageLoad: 300000, script: 30000}, unhandledPromptBehavior: dismiss and notify, webauthn:extension:credBlob: true, webauthn:extension:largeBlob: true, webauthn:extension:minPinLength: true, webauthn:extension:prf: true, webauthn:virtualAuthenticators: true}\nSession ID: 2cdd8fde37c907beb861c0f5a0881749","children":[{"name":"RunFullAutomationFlow(String) [1] browser=chrome","uid":"70ac0cb7a83483f2","parentUid":"71ae090cdfa4816b5a1eaee5eec0f164","status":"broken","time":{"start":1763663028463,"stop":1763663059888,"duration":31425},"flaky":false,"newFailed":false,"newPassed":false,"newBroken":false,"retriesCount":4,"retriesStatusChange":true,"parameters":["chrome"],"tags":[]}],"uid":"71ae090cdfa4816b5a1eaee5eec0f164"}],"uid":"bdbf199525818fae7a8651db9eafe741"},{"name":"Product defects","children":[{"name":"âŒ Dashboard Score Reset to 0! ==> expected: not equal but was: <0>","children":[{"name":"RunFlow()","uid":"da9394f242884f0f","parentUid":"202054fdfefc45f24af8f17aaf0b4e6e","status":"failed","time":{"start":1763644692045,"stop":1763644714878,"duration":22833},"flaky":false,"newFailed":false,"newPassed":false,"newBroken":false,"retriesCount":1,"retriesStatusChange":true,"parameters":[],"tags":[]}],"uid":"202054fdfefc45f24af8f17aaf0b4e6e"}],"uid":"8fb3a91ba5aaf9de24cc8a92edc82b5d"}]}